<?xml version="1.0" encoding="UTF-8"?>
<!-- Generated by org.testng.reporters.JUnitReportReporter -->
<testsuite hostname="inv000541win" failures="0" tests="2" name="autoTest.RegTest" time="38.737" errors="0" timestamp="2024-02-16T16:01:30 SAMT" skipped="0">
  <testcase classname="autoTest.RegTest" name="RegaTest" time="24.523"/>
  <testcase classname="autoTest.RegTest" name="PassworTest" time="14.214"/>
</testsuite> <!-- autoTest.RegTest -->
